<?xml version="1.0" encoding="UTF-8"?>
<!-- Generated by org.testng.reporters.JUnitXMLReporter -->
<testsuite hostname="IBM-Testing02" ignored="0" name="Test" tests="2" failures="1" timestamp="20 Jun 2019 18:15:33 GMT" time="105.33" errors="0">
  <testcase name="verifyUser" time="32.522" classname="com.testcases.LoginTestRTTC_002"/>
  <testcase name="createUser" time="72.781" classname="com.testcases.RegistrationTestRTTC_001">
    <failure type="java.lang.NullPointerException">
      <![CDATA[java.lang.NullPointerException
	at com.All.POM.RegistrationPOM.dropCountry(RegistrationPOM.java:73)
	at com.testcases.RegistrationTestRTTC_001.createUser(RegistrationTestRTTC_001.java:39)
... Removed 25 stack frames]]>
    </failure>
  </testcase> <!-- createUser -->
</testsuite> <!-- Test -->
