<?xml version="1.0" encoding="UTF-8"?>
<testng-results skipped="0" failed="0" ignored="0" total="1" passed="1">
  <reporter-output>
  </reporter-output>
  <suite name="Default suite" duration-ms="27088" started-at="2019-06-24T11:52:26Z" finished-at="2019-06-24T11:52:53Z">
    <groups>
    </groups>
    <test name="Default test" duration-ms="27088" started-at="2019-06-24T11:52:26Z" finished-at="2019-06-24T11:52:53Z">
      <class name="com.testcases.medium.AllowAdminToFilterDetailsRTTC_047">
        <test-method status="PASS" signature="verifyAdmin()[pri:0, instance:com.testcases.medium.AllowAdminToFilterDetailsRTTC_047@3ffc5af1]" name="verifyAdmin" duration-ms="27052" started-at="2019-06-24T17:22:26Z" finished-at="2019-06-24T17:22:53Z">
          <reporter-output>
          </reporter-output>
        </test-method> <!-- verifyAdmin -->
      </class> <!-- com.testcases.medium.AllowAdminToFilterDetailsRTTC_047 -->
    </test> <!-- Default test -->
  </suite> <!-- Default suite -->
</testng-results>
