<?xml version="1.0" encoding="UTF-8"?>
<testng-results skipped="0" failed="0" ignored="0" total="1" passed="1">
  <reporter-output>
  </reporter-output>
  <suite name="Default suite" duration-ms="31645" started-at="2019-06-21T06:50:09Z" finished-at="2019-06-21T06:50:40Z">
    <groups>
    </groups>
    <test name="Default test" duration-ms="31645" started-at="2019-06-21T06:50:09Z" finished-at="2019-06-21T06:50:40Z">
      <class name="com.testcases.ModifyTheDetailsRTTC_005">
        <test-method status="PASS" signature="modifyDetails()[pri:0, instance:com.testcases.ModifyTheDetailsRTTC_005@28feb3fa]" name="modifyDetails" duration-ms="31629" started-at="2019-06-21T12:20:09Z" finished-at="2019-06-21T12:20:40Z">
          <reporter-output>
          </reporter-output>
        </test-method> <!-- modifyDetails -->
      </class> <!-- com.testcases.ModifyTheDetailsRTTC_005 -->
    </test> <!-- Default test -->
  </suite> <!-- Default suite -->
</testng-results>
